Started GET "/" for ::1 at 2021-06-14 13:41:23 +0100

ActiveRecord::ConnectionNotEstablished - could not connect to server: No such file or directory
	Is the server running locally and accepting
	connections on Unix domain socket "/var/run/postgresql/.s.PGSQL.5432"?:

Started POST "/__better_errors/b2f1dc06686f189a/variables" for ::1 at 2021-06-14 13:41:25 +0100
Started GET "/" for ::1 at 2021-06-14 13:52:06 +0100

ActiveRecord::ConnectionNotEstablished - FATAL:  role "jamezjaz" does not exist:

Started POST "/__better_errors/9025b86c69e1fba8/variables" for ::1 at 2021-06-14 13:52:06 +0100
Started GET "/" for ::1 at 2021-06-14 13:53:02 +0100

ActiveRecord::NoDatabaseError - FATAL:  database "demo_blog_development" does not exist:

Started POST "/__better_errors/7433b155510332e9/variables" for ::1 at 2021-06-14 13:53:02 +0100
  [1m[35m (1049.2ms)[0m  [1m[35mCREATE DATABASE "demo_blog_development" ENCODING = 'unicode'[0m
  [1m[35m (757.7ms)[0m  [1m[35mCREATE DATABASE "demo_blog_test" ENCODING = 'unicode'[0m
Started GET "/" for ::1 at 2021-06-14 13:54:56 +0100
Processing by Rails::WelcomeController#index as HTML
  Rendering /home/jamezjaz/.rbenv/versions/2.7.2/lib/ruby/gems/2.7.0/gems/railties-6.1.3.2/lib/rails/templates/rails/welcome/index.html.erb
  Rendered /home/jamezjaz/.rbenv/versions/2.7.2/lib/ruby/gems/2.7.0/gems/railties-6.1.3.2/lib/rails/templates/rails/welcome/index.html.erb (Duration: 23.3ms | Allocations: 443)
Completed 200 OK in 98ms (Views: 44.8ms | ActiveRecord: 0.0ms | Allocations: 3569)


Started GET "/posts" for ::1 at 2021-06-14 14:02:19 +0100
  
ActionController::RoutingError (No route matches [GET] "/posts"):
  
Started GET "/posts" for ::1 at 2021-06-14 14:03:56 +0100
Processing by PostsController#index as HTML
  Rendering layout layouts/application.html.erb
  Rendering posts/index.html.erb within layouts/application
  Rendered posts/index.html.erb within layouts/application (Duration: 1.2ms | Allocations: 215)
[Webpacker] Compiling...
Started GET "/posts" for ::1 at 2021-06-14 14:04:24 +0100
Processing by PostsController#index as HTML
  Rendering layout layouts/application.html.erb
  Rendering posts/index.html.erb within layouts/application
  Rendered posts/index.html.erb within layouts/application (Duration: 0.2ms | Allocations: 36)
[Webpacker] Compiling...
[Webpacker] Compilation failed:
Though the "loose" option was set to "false" in your @babel/preset-env config, it will not be used for @babel/plugin-proposal-private-methods since the "loose" mode option was set to "true" for @babel/plugin-proposal-class-properties.
The "loose" option must be the same for @babel/plugin-proposal-class-properties, @babel/plugin-proposal-private-methods and @babel/plugin-proposal-private-property-in-object (when they are enabled): you can silence this warning by explicitly adding
	["@babel/plugin-proposal-private-methods", { "loose": true }]
to the "plugins" section of your Babel config.

[Webpacker] Compilation failed:
Though the "loose" option was set to "false" in your @babel/preset-env config, it will not be used for @babel/plugin-proposal-private-methods since the "loose" mode option was set to "true" for @babel/plugin-proposal-class-properties.
The "loose" option must be the same for @babel/plugin-proposal-class-properties, @babel/plugin-proposal-private-methods and @babel/plugin-proposal-private-property-in-object (when they are enabled): you can silence this warning by explicitly adding
	["@babel/plugin-proposal-private-methods", { "loose": true }]
to the "plugins" section of your Babel config.
Though the "loose" option was set to "false" in your @babel/preset-env config, it will not be used for @babel/plugin-proposal-private-methods since the "loose" mode option was set to "true" for @babel/plugin-proposal-class-properties.
The "loose" option must be the same for @babel/plugin-proposal-class-properties, @babel/plugin-proposal-private-methods and @babel/plugin-proposal-private-property-in-object (when they are enabled): you can silence this warning by explicitly adding
	["@babel/plugin-proposal-private-methods", { "loose": true }]
to the "plugins" section of your Babel config.
Though the "loose" option was set to "false" in your @babel/preset-env config, it will not be used for @babel/plugin-proposal-private-methods since the "loose" mode option was set to "true" for @babel/plugin-proposal-class-properties.
The "loose" option must be the same for @babel/plugin-proposal-class-properties, @babel/plugin-proposal-private-methods and @babel/plugin-proposal-private-property-in-object (when they are enabled): you can silence this warning by explicitly adding
	["@babel/plugin-proposal-private-methods", { "loose": true }]
to the "plugins" section of your Babel config.
Though the "loose" option was set to "false" in your @babel/preset-env config, it will not be used for @babel/plugin-proposal-private-methods since the "loose" mode option was set to "true" for @babel/plugin-proposal-class-properties.
The "loose" option must be the same for @babel/plugin-proposal-class-properties, @babel/plugin-proposal-private-methods and @babel/plugin-proposal-private-property-in-object (when they are enabled): you can silence this warning by explicitly adding
	["@babel/plugin-proposal-private-methods", { "loose": true }]
to the "plugins" section of your Babel config.
Though the "loose" option was set to "false" in your @babel/preset-env config, it will not be used for @babel/plugin-proposal-private-methods since the "loose" mode option was set to "true" for @babel/plugin-proposal-class-properties.
The "loose" option must be the same for @babel/plugin-proposal-class-properties, @babel/plugin-proposal-private-methods and @babel/plugin-proposal-private-property-in-object (when they are enabled): you can silence this warning by explicitly adding
	["@babel/plugin-proposal-private-methods", { "loose": true }]
to the "plugins" section of your Babel config.
Though the "loose" option was set to "false" in your @babel/preset-env config, it will not be used for @babel/plugin-proposal-private-methods since the "loose" mode option was set to "true" for @babel/plugin-proposal-class-properties.
The "loose" option must be the same for @babel/plugin-proposal-class-properties, @babel/plugin-proposal-private-methods and @babel/plugin-proposal-private-property-in-object (when they are enabled): you can silence this warning by explicitly adding
	["@babel/plugin-proposal-private-methods", { "loose": true }]
to the "plugins" section of your Babel config.

  Rendered layout layouts/application.html.erb (Duration: 37282.3ms | Allocations: 22264)
Completed 200 OK in 37313ms (Views: 37301.4ms | ActiveRecord: 0.0ms | Allocations: 24782)


  Rendered layout layouts/application.html.erb (Duration: 9686.5ms | Allocations: 5523)
Completed 200 OK in 9689ms (Views: 9687.6ms | ActiveRecord: 0.0ms | Allocations: 5858)


Started GET "/posts" for ::1 at 2021-06-14 14:04:48 +0100
Processing by PostsController#index as HTML
  Rendering layout layouts/application.html.erb
  Rendering posts/index.html.erb within layouts/application
  Rendered posts/index.html.erb within layouts/application (Duration: 22.5ms | Allocations: 215)
[Webpacker] Everything's up-to-date. Nothing to do
  Rendered layout layouts/application.html.erb (Duration: 144.7ms | Allocations: 5263)
Completed 200 OK in 159ms (Views: 148.9ms | ActiveRecord: 0.0ms | Allocations: 7838)


Started GET "/posts" for ::1 at 2021-06-14 14:08:04 +0100
Processing by PostsController#index as HTML
  Rendering layout layouts/application.html.erb
  Rendering posts/index.html.erb within layouts/application
  Rendered posts/index.html.erb within layouts/application (Duration: 2.5ms | Allocations: 215)
[Webpacker] Everything's up-to-date. Nothing to do
  Rendered layout layouts/application.html.erb (Duration: 1561.3ms | Allocations: 89043)
Completed 200 OK in 1582ms (Views: 1567.3ms | ActiveRecord: 0.0ms | Allocations: 91618)


  [1m[35m (565.1ms)[0m  [1m[35mCREATE TABLE "schema_migrations" ("version" character varying NOT NULL PRIMARY KEY)[0m
  [1m[35m (130.8ms)[0m  [1m[35mCREATE TABLE "ar_internal_metadata" ("key" character varying NOT NULL PRIMARY KEY, "value" character varying, "created_at" timestamp(6) NOT NULL, "updated_at" timestamp(6) NOT NULL)[0m
  [1m[35m (12.7ms)[0m  [1m[34mSELECT pg_try_advisory_lock(17473287024879945)[0m
  [1m[35m (0.8ms)[0m  [1m[34mSELECT "schema_migrations"."version" FROM "schema_migrations" ORDER BY "schema_migrations"."version" ASC[0m
Migrating to CreatePosts (20210614131602)
  [1m[36mTRANSACTION (0.3ms)[0m  [1m[35mBEGIN[0m
  [1m[35m (175.5ms)[0m  [1m[35mCREATE TABLE "posts" ("id" bigserial primary key, "title" character varying, "content" text, "created_at" timestamp(6) NOT NULL, "updated_at" timestamp(6) NOT NULL)[0m
  [1m[36mActiveRecord::SchemaMigration Create (0.6ms)[0m  [1m[32mINSERT INTO "schema_migrations" ("version") VALUES ($1) RETURNING "version"[0m  [["version", "20210614131602"]]
  [1m[36mTRANSACTION (14.0ms)[0m  [1m[35mCOMMIT[0m
  [1m[36mActiveRecord::InternalMetadata Load (0.6ms)[0m  [1m[34mSELECT "ar_internal_metadata".* FROM "ar_internal_metadata" WHERE "ar_internal_metadata"."key" = $1 LIMIT $2[0m  [["key", "environment"], ["LIMIT", 1]]
  [1m[36mTRANSACTION (0.2ms)[0m  [1m[35mBEGIN[0m
  [1m[36mActiveRecord::InternalMetadata Create (8.6ms)[0m  [1m[32mINSERT INTO "ar_internal_metadata" ("key", "value", "created_at", "updated_at") VALUES ($1, $2, $3, $4) RETURNING "key"[0m  [["key", "environment"], ["value", "development"], ["created_at", "2021-06-14 13:16:47.509037"], ["updated_at", "2021-06-14 13:16:47.509037"]]
  [1m[36mTRANSACTION (13.0ms)[0m  [1m[35mCOMMIT[0m
  [1m[35m (0.7ms)[0m  [1m[34mSELECT pg_advisory_unlock(17473287024879945)[0m
  [1m[35m (1.0ms)[0m  [1m[34mSELECT "schema_migrations"."version" FROM "schema_migrations" ORDER BY "schema_migrations"."version" ASC[0m
Started GET "/posts/new" for ::1 at 2021-06-14 14:25:35 +0100
  [1m[35m (0.7ms)[0m  [1m[34mSELECT "schema_migrations"."version" FROM "schema_migrations" ORDER BY "schema_migrations"."version" ASC[0m

SyntaxError - syntax error, unexpected end-of-input, expecting `end':
  app/controllers/posts_controller.rb:24:in `'

Started POST "/__better_errors/ee619fc3385ef716/variables" for ::1 at 2021-06-14 14:25:36 +0100
Started GET "/posts/new" for ::1 at 2021-06-14 14:26:32 +0100
Processing by PostsController#new as HTML
Completed 406 Not Acceptable in 44ms (ActiveRecord: 6.0ms | Allocations: 5880)



ActionController::MissingExactTemplate - PostsController#new is missing a template for request formats: text/html:

Started POST "/__better_errors/fef0e36316302edd/variables" for ::1 at 2021-06-14 14:26:32 +0100
Started GET "/posts/new" for ::1 at 2021-06-14 14:27:58 +0100
Processing by PostsController#new as HTML
  Rendering layout layouts/application.html.erb
  Rendering posts/new.html.erb within layouts/application
  Rendered posts/new.html.erb within layouts/application (Duration: 5.0ms | Allocations: 210)
[Webpacker] Everything's up-to-date. Nothing to do
  Rendered layout layouts/application.html.erb (Duration: 273.8ms | Allocations: 15032)
Completed 200 OK in 433ms (Views: 301.3ms | ActiveRecord: 0.0ms | Allocations: 19002)


Started GET "/posts/new" for ::1 at 2021-06-14 14:47:53 +0100
Processing by PostsController#new as HTML
  Rendering layout layouts/application.html.erb
  Rendering posts/new.html.erb within layouts/application
  Rendered posts/new.html.erb within layouts/application (Duration: 689.9ms | Allocations: 3734)
  Rendered layout layouts/application.html.erb (Duration: 690.3ms | Allocations: 3800)
Completed 500 Internal Server Error in 756ms (Allocations: 4885)



ActionView::SyntaxErrorInTemplate - Encountered a syntax error while rendering template: check <h1 class="title">New Post</h1>
<div class="section">
  <%= simple_form_for @post do |f| %>
    <div class="field">
      <div class="control">
        <%= f.input :title, input_html: { class: 'input' }, wrapper: :vertical_collection_inline, label_html: { class: 'label' } %>
      </div>
    </div>
    <div class="field">
    <div class="control">
      <%= f.input :content, input_html: { class: 'textarea' }, wrapper: :vertical_collection_inline, label_html: { class: 'label' } %>
    </div>
  </div>
  <%= f.button :submit, 'Create New Post' class: "btn-primary" %>
    <% end %>
</div>:

Started POST "/__better_errors/39fb6c51db7b78ad/variables" for ::1 at 2021-06-14 14:47:54 +0100
Started GET "/posts/new" for ::1 at 2021-06-14 14:53:11 +0100
Processing by PostsController#new as HTML
  Rendering layout layouts/application.html.erb
  Rendering posts/new.html.erb within layouts/application
  Rendered posts/new.html.erb within layouts/application (Duration: 773.9ms | Allocations: 15671)
  Rendered layout layouts/application.html.erb (Duration: 775.9ms | Allocations: 15736)
Completed 500 Internal Server Error in 781ms (Allocations: 16809)



SimpleForm::WrapperNotFound - Couldn't find wrapper with name vertical_collection_inline:
  app/views/posts/new.html.erb:7
  app/views/posts/new.html.erb:4

Started POST "/__better_errors/edc0e9b95b9ab5c3/variables" for ::1 at 2021-06-14 14:53:12 +0100
Started GET "/posts/new" for ::1 at 2021-06-14 14:53:40 +0100
Processing by PostsController#new as HTML
  Rendering layout layouts/application.html.erb
  Rendering posts/new.html.erb within layouts/application
  Rendered posts/new.html.erb within layouts/application (Duration: 8.9ms | Allocations: 3457)
  Rendered layout layouts/application.html.erb (Duration: 9.9ms | Allocations: 3521)
Completed 500 Internal Server Error in 16ms (Allocations: 4592)



SimpleForm::WrapperNotFound - Couldn't find wrapper with name true:
  app/views/posts/new.html.erb:7
  app/views/posts/new.html.erb:4

Started POST "/__better_errors/0601a59c0de02f8e/variables" for ::1 at 2021-06-14 14:53:41 +0100
Started GET "/posts/new" for ::1 at 2021-06-14 14:53:58 +0100
Processing by PostsController#new as HTML
  Rendering layout layouts/application.html.erb
  Rendering posts/new.html.erb within layouts/application
  Rendered posts/new.html.erb within layouts/application (Duration: 498.4ms | Allocations: 12086)
[Webpacker] Everything's up-to-date. Nothing to do
  Rendered layout layouts/application.html.erb (Duration: 859.9ms | Allocations: 18824)
Completed 200 OK in 864ms (Views: 862.5ms | Allocations: 19918)


Started GET "/posts/new" for ::1 at 2021-06-14 14:56:54 +0100
Processing by PostsController#new as HTML
  Rendering layout layouts/application.html.erb
  Rendering posts/new.html.erb within layouts/application
  Rendered posts/new.html.erb within layouts/application (Duration: 17.7ms | Allocations: 6303)
  Rendered layout layouts/application.html.erb (Duration: 18.2ms | Allocations: 6367)
Completed 500 Internal Server Error in 24ms (Allocations: 7434)



NoMethodError - undefined method `name' for #<Post:0x00007f69f8046dc0>:
  app/views/posts/new.html.erb:5
  app/views/posts/new.html.erb:4

Started POST "/__better_errors/4ebb7c5ac070eacb/variables" for ::1 at 2021-06-14 14:56:54 +0100
Started GET "/posts/new" for ::1 at 2021-06-14 14:58:19 +0100
Processing by PostsController#new as HTML
  Rendering layout layouts/application.html.erb
  Rendering posts/new.html.erb within layouts/application
  Rendered posts/new.html.erb within layouts/application (Duration: 34.0ms | Allocations: 6076)
[Webpacker] Everything's up-to-date. Nothing to do
  Rendered layout layouts/application.html.erb (Duration: 56.0ms | Allocations: 12814)
Completed 200 OK in 61ms (Views: 58.8ms | Allocations: 13908)


Started GET "/posts/new" for ::1 at 2021-06-14 14:59:41 +0100
Processing by PostsController#new as HTML
  Rendering layout layouts/application.html.erb
  Rendering posts/new.html.erb within layouts/application
  Rendered posts/new.html.erb within layouts/application (Duration: 14.4ms | Allocations: 6047)
[Webpacker] Everything's up-to-date. Nothing to do
  Rendered layout layouts/application.html.erb (Duration: 33.9ms | Allocations: 12786)
Completed 200 OK in 45ms (Views: 42.9ms | Allocations: 13894)


Started GET "/posts/new" for ::1 at 2021-06-14 16:50:47 +0100
  [1m[35m (37.6ms)[0m  [1m[34mSELECT "schema_migrations"."version" FROM "schema_migrations" ORDER BY "schema_migrations"."version" ASC[0m
Processing by PostsController#new as HTML
  Rendering layout layouts/application.html.erb
  Rendering posts/new.html.erb within layouts/application
  Rendered posts/new.html.erb within layouts/application (Duration: 220.8ms | Allocations: 14974)
[Webpacker] Everything's up-to-date. Nothing to do
  Rendered layout layouts/application.html.erb (Duration: 431.0ms | Allocations: 29753)
Completed 200 OK in 577ms (Views: 452.1ms | ActiveRecord: 48.8ms | Allocations: 35362)


Started GET "/posts/new" for ::1 at 2021-06-14 16:52:42 +0100
Processing by PostsController#new as HTML
  Rendering layout layouts/application.html.erb
  Rendering posts/new.html.erb within layouts/application
  Rendered posts/new.html.erb within layouts/application (Duration: 28.8ms | Allocations: 6061)
[Webpacker] Everything's up-to-date. Nothing to do
  Rendered layout layouts/application.html.erb (Duration: 1097.3ms | Allocations: 12694)
Completed 200 OK in 1103ms (Views: 1101.0ms | ActiveRecord: 0.0ms | Allocations: 13809)


Started GET "/posts/new" for ::1 at 2021-06-14 16:52:53 +0100
Processing by PostsController#new as HTML
  Rendering layout layouts/application.html.erb
  Rendering posts/new.html.erb within layouts/application
  Rendered posts/new.html.erb within layouts/application (Duration: 34.4ms | Allocations: 5854)
[Webpacker] Everything's up-to-date. Nothing to do
  Rendered layout layouts/application.html.erb (Duration: 69.4ms | Allocations: 12302)
Completed 200 OK in 74ms (Views: 70.4ms | ActiveRecord: 0.0ms | Allocations: 12690)


Started GET "/posts/new" for ::1 at 2021-06-14 16:53:55 +0100
Processing by PostsController#new as HTML
  Rendering layout layouts/application.html.erb
  Rendering posts/new.html.erb within layouts/application
  Rendered posts/new.html.erb within layouts/application (Duration: 14.7ms | Allocations: 6047)
[Webpacker] Everything's up-to-date. Nothing to do
  Rendered layout layouts/application.html.erb (Duration: 1273.2ms | Allocations: 86018)
Completed 200 OK in 1278ms (Views: 1275.7ms | ActiveRecord: 0.0ms | Allocations: 87117)


Started GET "/posts/new" for ::1 at 2021-06-14 16:54:06 +0100
Processing by PostsController#new as HTML
  Rendering layout layouts/application.html.erb
  Rendering posts/new.html.erb within layouts/application
  Rendered posts/new.html.erb within layouts/application (Duration: 10.7ms | Allocations: 5853)
[Webpacker] Everything's up-to-date. Nothing to do
  Rendered layout layouts/application.html.erb (Duration: 659.6ms | Allocations: 87770)
Completed 200 OK in 662ms (Views: 660.7ms | ActiveRecord: 0.0ms | Allocations: 88158)


Started GET "/posts/new" for ::1 at 2021-06-14 16:54:25 +0100
Processing by PostsController#new as HTML
  Rendering layout layouts/application.html.erb
  Rendering posts/new.html.erb within layouts/application
  Rendered posts/new.html.erb within layouts/application (Duration: 12.4ms | Allocations: 5859)
[Webpacker] Everything's up-to-date. Nothing to do
  Rendered layout layouts/application.html.erb (Duration: 514.1ms | Allocations: 90745)
Completed 200 OK in 516ms (Views: 515.1ms | ActiveRecord: 0.0ms | Allocations: 91142)


Started GET "/posts/new" for ::1 at 2021-06-14 16:54:41 +0100
Processing by PostsController#new as HTML
  Rendering layout layouts/application.html.erb
  Rendering posts/new.html.erb within layouts/application
  Rendered posts/new.html.erb within layouts/application (Duration: 13.1ms | Allocations: 5849)
[Webpacker] Everything's up-to-date. Nothing to do
  Rendered layout layouts/application.html.erb (Duration: 544.3ms | Allocations: 91211)
Completed 200 OK in 546ms (Views: 545.2ms | ActiveRecord: 0.0ms | Allocations: 91598)


Started GET "/posts/new" for ::1 at 2021-06-14 16:54:49 +0100
Processing by PostsController#new as HTML
  Rendering layout layouts/application.html.erb
  Rendering posts/new.html.erb within layouts/application
  Rendered posts/new.html.erb within layouts/application (Duration: 24.9ms | Allocations: 5869)
[Webpacker] Everything's up-to-date. Nothing to do
  Rendered layout layouts/application.html.erb (Duration: 579.0ms | Allocations: 91217)
Completed 200 OK in 581ms (Views: 579.8ms | ActiveRecord: 0.0ms | Allocations: 91604)


Started GET "/posts/new" for ::1 at 2021-06-14 16:55:08 +0100
Processing by PostsController#new as HTML
  Rendering layout layouts/application.html.erb
  Rendering posts/new.html.erb within layouts/application
  Rendered posts/new.html.erb within layouts/application (Duration: 11.7ms | Allocations: 5849)
[Webpacker] Everything's up-to-date. Nothing to do
  Rendered layout layouts/application.html.erb (Duration: 479.0ms | Allocations: 91206)
Completed 200 OK in 481ms (Views: 480.1ms | ActiveRecord: 0.0ms | Allocations: 91593)


Started GET "/posts/new" for ::1 at 2021-06-14 16:56:49 +0100
Processing by PostsController#new as HTML
  Rendering layout layouts/application.html.erb
  Rendering posts/new.html.erb within layouts/application
  Rendered posts/new.html.erb within layouts/application (Duration: 11.8ms | Allocations: 5869)
[Webpacker] Everything's up-to-date. Nothing to do
  Rendered layout layouts/application.html.erb (Duration: 24.1ms | Allocations: 12325)
Completed 200 OK in 26ms (Views: 25.0ms | Allocations: 12722)


Started GET "/posts/new" for ::1 at 2021-06-14 16:57:09 +0100
Processing by PostsController#new as HTML
  Rendering layout layouts/application.html.erb
  Rendering posts/new.html.erb within layouts/application
  Rendered posts/new.html.erb within layouts/application (Duration: 17.9ms | Allocations: 5846)
[Webpacker] Everything's up-to-date. Nothing to do
  Rendered layout layouts/application.html.erb (Duration: 548.8ms | Allocations: 90788)
Completed 200 OK in 551ms (Views: 549.5ms | Allocations: 91175)


Started GET "/posts/new" for ::1 at 2021-06-14 17:01:52 +0100
Processing by PostsController#new as HTML
  Rendering layout layouts/application.html.erb
  Rendering posts/new.html.erb within layouts/application
  Rendered posts/new.html.erb within layouts/application (Duration: 14.2ms | Allocations: 6059)
[Webpacker] Everything's up-to-date. Nothing to do
  Rendered layout layouts/application.html.erb (Duration: 46.8ms | Allocations: 12733)
Completed 200 OK in 66ms (Views: 63.5ms | Allocations: 13834)


Started GET "/posts/new" for ::1 at 2021-06-14 17:02:54 +0100
Processing by PostsController#new as HTML
  Rendering layout layouts/application.html.erb
  Rendering posts/new.html.erb within layouts/application
  Rendered posts/new.html.erb within layouts/application (Duration: 13.4ms | Allocations: 5859)
[Webpacker] Everything's up-to-date. Nothing to do
  Rendered layout layouts/application.html.erb (Duration: 511.7ms | Allocations: 91226)
Completed 200 OK in 514ms (Views: 512.6ms | Allocations: 91614)


Started GET "/posts/new" for ::1 at 2021-06-14 17:03:41 +0100
Processing by PostsController#new as HTML
  Rendering layout layouts/application.html.erb
  Rendering posts/new.html.erb within layouts/application
  Rendered posts/new.html.erb within layouts/application (Duration: 13.9ms | Allocations: 5865)
[Webpacker] Everything's up-to-date. Nothing to do
  Rendered layout layouts/application.html.erb (Duration: 628.7ms | Allocations: 79783)
Completed 200 OK in 631ms (Views: 629.7ms | Allocations: 80179)


Started GET "/posts/new" for ::1 at 2021-06-14 17:04:29 +0100
Processing by PostsController#new as HTML
  Rendering layout layouts/application.html.erb
  Rendering posts/new.html.erb within layouts/application
  Rendered posts/new.html.erb within layouts/application (Duration: 15.4ms | Allocations: 5855)
[Webpacker] Everything's up-to-date. Nothing to do
  Rendered layout layouts/application.html.erb (Duration: 673.7ms | Allocations: 79930)
Completed 200 OK in 675ms (Views: 674.4ms | Allocations: 80317)


Started GET "/posts/new" for ::1 at 2021-06-14 17:05:49 +0100
Processing by PostsController#new as HTML
  Rendering layout layouts/application.html.erb
  Rendering posts/new.html.erb within layouts/application
  Rendered posts/new.html.erb within layouts/application (Duration: 14.3ms | Allocations: 6071)
[Webpacker] Everything's up-to-date. Nothing to do
  Rendered layout layouts/application.html.erb (Duration: 523.9ms | Allocations: 85187)
Completed 200 OK in 546ms (Views: 544.7ms | Allocations: 86286)


Started GET "/posts/new" for ::1 at 2021-06-14 17:06:02 +0100
Processing by PostsController#new as HTML
  Rendering layout layouts/application.html.erb
  Rendering posts/new.html.erb within layouts/application
  Rendered posts/new.html.erb within layouts/application (Duration: 12.5ms | Allocations: 5862)
[Webpacker] Everything's up-to-date. Nothing to do
  Rendered layout layouts/application.html.erb (Duration: 487.7ms | Allocations: 88241)
Completed 200 OK in 490ms (Views: 488.6ms | Allocations: 88629)


Started GET "/posts/new" for ::1 at 2021-06-14 17:06:21 +0100
Processing by PostsController#new as HTML
  Rendering layout layouts/application.html.erb
  Rendering posts/new.html.erb within layouts/application
  Rendered posts/new.html.erb within layouts/application (Duration: 18.7ms | Allocations: 5875)
[Webpacker] Everything's up-to-date. Nothing to do
  Rendered layout layouts/application.html.erb (Duration: 494.3ms | Allocations: 91220)
Completed 200 OK in 497ms (Views: 495.7ms | Allocations: 91607)


Started GET "/posts/new" for ::1 at 2021-06-14 17:06:36 +0100
Processing by PostsController#new as HTML
  Rendering layout layouts/application.html.erb
  Rendering posts/new.html.erb within layouts/application
  Rendered posts/new.html.erb within layouts/application (Duration: 17.7ms | Allocations: 5865)
[Webpacker] Everything's up-to-date. Nothing to do
  Rendered layout layouts/application.html.erb (Duration: 556.7ms | Allocations: 91246)
Completed 200 OK in 559ms (Views: 557.7ms | Allocations: 91633)


Started GET "/posts/new" for ::1 at 2021-06-14 17:08:08 +0100
Processing by PostsController#new as HTML
  Rendering layout layouts/application.html.erb
  Rendering posts/new.html.erb within layouts/application
  Rendered posts/new.html.erb within layouts/application (Duration: 18.2ms | Allocations: 5855)
[Webpacker] Everything's up-to-date. Nothing to do
  Rendered layout layouts/application.html.erb (Duration: 551.5ms | Allocations: 80428)
Completed 200 OK in 554ms (Views: 552.4ms | Allocations: 80815)


Started GET "/posts/new" for ::1 at 2021-06-14 17:08:53 +0100
Processing by PostsController#new as HTML
  Rendering layout layouts/application.html.erb
  Rendering posts/new.html.erb within layouts/application
  Rendered posts/new.html.erb within layouts/application (Duration: 14.7ms | Allocations: 5875)
[Webpacker] Everything's up-to-date. Nothing to do
  Rendered layout layouts/application.html.erb (Duration: 533.5ms | Allocations: 80314)
Completed 200 OK in 535ms (Views: 534.3ms | Allocations: 80701)


Started GET "/posts/new" for ::1 at 2021-06-14 17:09:04 +0100
Processing by PostsController#new as HTML
  Rendering layout layouts/application.html.erb
  Rendering posts/new.html.erb within layouts/application
  Rendered posts/new.html.erb within layouts/application (Duration: 17.2ms | Allocations: 5865)
[Webpacker] Everything's up-to-date. Nothing to do
  Rendered layout layouts/application.html.erb (Duration: 524.8ms | Allocations: 84819)
Completed 200 OK in 528ms (Views: 526.0ms | Allocations: 85206)


Started GET "/posts/new" for ::1 at 2021-06-14 17:09:15 +0100
Processing by PostsController#new as HTML
  Rendering layout layouts/application.html.erb
  Rendering posts/new.html.erb within layouts/application
  Rendered posts/new.html.erb within layouts/application (Duration: 25.4ms | Allocations: 5855)
[Webpacker] Everything's up-to-date. Nothing to do
  Rendered layout layouts/application.html.erb (Duration: 665.6ms | Allocations: 78981)
Completed 200 OK in 670ms (Views: 667.8ms | Allocations: 79368)


Started GET "/" for ::1 at 2021-06-15 12:47:30 +0100
  [1m[35m (21.5ms)[0m  [1m[34mSELECT "schema_migrations"."version" FROM "schema_migrations" ORDER BY "schema_migrations"."version" ASC[0m
Processing by PostsController#index as HTML
  Rendering layout layouts/application.html.erb
  Rendering posts/index.html.erb within layouts/application
  Rendered posts/index.html.erb within layouts/application (Duration: 23.5ms | Allocations: 215)
[Webpacker] Everything's up-to-date. Nothing to do
  Rendered layout layouts/application.html.erb (Duration: 5986.4ms | Allocations: 97254)
Completed 200 OK in 6043ms (Views: 5996.9ms | ActiveRecord: 0.0ms | Allocations: 99772)


Started GET "/posts" for ::1 at 2021-06-15 12:47:57 +0100
Processing by PostsController#index as HTML
  Rendering layout layouts/application.html.erb
  Rendering posts/index.html.erb within layouts/application
  Rendered posts/index.html.erb within layouts/application (Duration: 0.2ms | Allocations: 36)
[Webpacker] Everything's up-to-date. Nothing to do
  Rendered layout layouts/application.html.erb (Duration: 13.8ms | Allocations: 6627)
Completed 200 OK in 16ms (Views: 14.7ms | ActiveRecord: 0.0ms | Allocations: 7010)


Started GET "/posts/new" for ::1 at 2021-06-15 12:48:03 +0100
Processing by PostsController#new as HTML
  Rendering layout layouts/application.html.erb
  Rendering posts/new.html.erb within layouts/application
  Rendered posts/new.html.erb within layouts/application (Duration: 266.6ms | Allocations: 14777)
[Webpacker] Everything's up-to-date. Nothing to do
  Rendered layout layouts/application.html.erb (Duration: 278.2ms | Allocations: 21233)
Completed 200 OK in 747ms (Views: 279.0ms | ActiveRecord: 329.0ms | Allocations: 26886)


Started POST "/posts" for ::1 at 2021-06-15 12:48:19 +0100
Processing by PostsController#create as HTML
  Parameters: {"authenticity_token"=>"[FILTERED]", "post"=>{"title"=>"New post", "content"=>"This is a new post!"}, "commit"=>"Create Post"}
  [1m[36mTRANSACTION (0.2ms)[0m  [1m[35mBEGIN[0m
  ↳ app/controllers/posts_controller.rb:13:in `create'
  [1m[36mPost Create (401.0ms)[0m  [1m[32mINSERT INTO "posts" ("title", "content", "created_at", "updated_at") VALUES ($1, $2, $3, $4) RETURNING "id"[0m  [["title", "New post"], ["content", "This is a new post!"], ["created_at", "2021-06-15 11:48:19.958647"], ["updated_at", "2021-06-15 11:48:19.958647"]]
  ↳ app/controllers/posts_controller.rb:13:in `create'
  [1m[36mTRANSACTION (117.1ms)[0m  [1m[35mCOMMIT[0m
  ↳ app/controllers/posts_controller.rb:13:in `create'
Redirected to http://localhost:3000/posts/1
Completed 302 Found in 532ms (ActiveRecord: 518.4ms | Allocations: 2672)


Started GET "/posts/1" for ::1 at 2021-06-15 12:48:20 +0100

AbstractController::ActionNotFound - The action 'show' could not be found for PostsController
Did you mean?  new
               create
               index:

Started POST "/__better_errors/a7f5939735d21d9f/variables" for ::1 at 2021-06-15 12:48:20 +0100
